<?xml version="1.0" encoding="UTF-8"?>
<!-- Generated by org.testng.reporters.JUnitReportReporter -->
<testsuite hostname="LAPTOP-914PHC01" failures="0" tests="2" name="BDD.Cucumber.TestRunner" time="29.824" errors="0" timestamp="2024-09-21T14:42:07 IST" skipped="0">
  <testcase classname="BDD.Cucumber.TestRunner" name="runScenario" time="20.354"/>
  <system-out/>
  <testcase classname="BDD.Cucumber.TestRunner" name="runScenario" time="9.470"/>
  <system-out/>
</testsuite> <!-- BDD.Cucumber.TestRunner -->
